生成启动时间为 3/28/2016 9:02:22 AM。
     1>项目“C:\Users\76477\Desktop\闫-项目\lib\scriptcal\makefile\windows\scriptcal\scriptcal\scriptcal.vcxproj”在节点 2 上(rebuild 个目标)。
     1>_PrepareForClean:
         正在删除文件“Release\scriptcal.lastbuildstate”。
       InitializeBuildStatus:
         正在创建“Release\scriptcal.unsuccessfulbuild”，因为已指定“AlwaysCreate”。
       ClCompile:
         c:\Program Files (x86)\Microsoft Visual Studio 10.0\VC\bin\CL.exe /c /Zi /nologo /W3 /WX- /O2 /Oi /Oy- /GL /D WIN32 /D NDEBUG /D _LIB /D _UNICODE /D UNICODE /Gm- /EHsc /MD /GS /Gy /fp:precise /Zc:wchar_t /Zc:forScope /Fo"Release\\" /Fd"Release\vc100.pdb" /Gd /TP /analyze- /errorReport:prompt ..\..\..\..\src\cal.cpp ..\..\..\..\src\script.cpp ..\..\..\..\src\scriptcal.cpp
         cal.cpp
         script.cpp
     1>..\..\..\..\src\script.cpp(19): warning C4018: “<”: 有符号/无符号不匹配
         scriptcal.cpp
       Lib:
         c:\Program Files (x86)\Microsoft Visual Studio 10.0\VC\bin\Lib.exe /OUT:"../../../../lib\scriptcal.lib" /NOLOGO /LTCG Release\cal.obj
         Release\script.obj
         Release\scriptcal.obj
         scriptcal.vcxproj -> C:\Users\76477\Desktop\闫-项目\lib\scriptcal\makefile\windows\scriptcal\scriptcal\../../../../lib\scriptcal.lib
       FinalizeBuildStatus:
         正在删除文件“Release\scriptcal.unsuccessfulbuild”。
         正在对“Release\scriptcal.lastbuildstate”执行 Touch 任务。
     1>已完成生成项目“C:\Users\76477\Desktop\闫-项目\lib\scriptcal\makefile\windows\scriptcal\scriptcal\scriptcal.vcxproj”(rebuild 个目标)的操作。

生成成功。

已用时间 00:00:01.95
