生成启动时间为 3/29/2016 4:02:49 PM。
     1>项目“C:\Users\76477\Desktop\闫-项目\lib\scriptcal\makefile\windows\scriptcal\scriptcal\scriptcal.vcxproj”在节点 2 上(rebuild 个目标)。
     1>_PrepareForClean:
         正在删除文件“Debug\scriptcal.lastbuildstate”。
       InitializeBuildStatus:
         正在创建“Debug\scriptcal.unsuccessfulbuild”，因为已指定“AlwaysCreate”。
       ClCompile:
         c:\Program Files (x86)\Microsoft Visual Studio 10.0\VC\bin\CL.exe /c /ZI /nologo /W3 /WX- /Od /Oy- /D WIN32 /D _DEBUG /D _LIB /D _UNICODE /D UNICODE /Gm /EHsc /RTC1 /MDd /GS /fp:precise /Zc:wchar_t /Zc:forScope /Fo"Debug\\" /Fd"Debug\vc100.pdb" /Gd /TP /analyze- /errorReport:prompt ..\..\..\..\src\cal.cpp ..\..\..\..\src\oprator.cpp ..\..\..\..\src\script.cpp ..\..\..\..\src\scriptcal.cpp
         scriptcal.cpp
         script.cpp
         oprator.cpp
         cal.cpp
         正在生成代码...
       Lib:
         c:\Program Files (x86)\Microsoft Visual Studio 10.0\VC\bin\Lib.exe /OUT:"../../../../lib\scriptcald.lib" /NOLOGO Debug\cal.obj
         Debug\oprator.obj
         Debug\script.obj
         Debug\scriptcal.obj
     1>cal.obj : warning LNK4221: 此对象文件未定义任何之前未定义的公共符号，因此任何耗用此库的链接操作都不会使用此文件
         scriptcal.vcxproj -> C:\Users\76477\Desktop\闫-项目\lib\scriptcal\makefile\windows\scriptcal\scriptcal\../../../../lib\scriptcald.lib
       FinalizeBuildStatus:
         正在删除文件“Debug\scriptcal.unsuccessfulbuild”。
         正在对“Debug\scriptcal.lastbuildstate”执行 Touch 任务。
     1>已完成生成项目“C:\Users\76477\Desktop\闫-项目\lib\scriptcal\makefile\windows\scriptcal\scriptcal\scriptcal.vcxproj”(rebuild 个目标)的操作。

生成成功。

已用时间 00:00:10.72
