C:\Users\76477\Desktop\闫-项目\lib\scriptcal\makefile\windows\scriptcal\scriptcal\Debug\cl.command.1.tlog
C:\Users\76477\Desktop\闫-项目\lib\scriptcal\makefile\windows\scriptcal\scriptcal\Debug\CL.read.1.tlog
C:\Users\76477\Desktop\闫-项目\lib\scriptcal\makefile\windows\scriptcal\scriptcal\Debug\CL.write.1.tlog
C:\Users\76477\Desktop\闫-项目\lib\scriptcal\makefile\windows\scriptcal\scriptcal\Debug\link.command.1.tlog
C:\Users\76477\Desktop\闫-项目\lib\scriptcal\makefile\windows\scriptcal\scriptcal\Debug\link.read.1.tlog
C:\Users\76477\Desktop\闫-项目\lib\scriptcal\makefile\windows\scriptcal\scriptcal\Debug\link.write.1.tlog
C:\Users\76477\Desktop\闫-项目\lib\scriptcal\makefile\windows\scriptcal\scriptcal\Debug\link-cvtres.read.1.tlog
C:\Users\76477\Desktop\闫-项目\lib\scriptcal\makefile\windows\scriptcal\scriptcal\Debug\link-cvtres.write.1.tlog
C:\Users\76477\Desktop\闫-项目\lib\scriptcal\makefile\windows\scriptcal\scriptcal\Debug\rc.command.1.tlog
C:\Users\76477\Desktop\闫-项目\lib\scriptcal\makefile\windows\scriptcal\scriptcal\Debug\rc.read.1.tlog
C:\Users\76477\Desktop\闫-项目\lib\scriptcal\makefile\windows\scriptcal\scriptcal\Debug\rc.write.1.tlog
C:\Users\76477\Desktop\闫-项目\lib\scriptcal\makefile\windows\scriptcal\scriptcal\Debug\scriptcal.exe.embed.manifest
C:\USERS\76477\DESKTOP\闫-项目\LIB\SCRIPTCAL\MAKEFILE\WINDOWS\SCRIPTCAL\SCRIPTCAL\DEBUG\SCRIPTCAL.EXE.EMBED.MANIFEST.RES
C:\Users\76477\Desktop\闫-项目\lib\scriptcal\makefile\windows\scriptcal\scriptcal\Debug\scriptcal.exe.intermediate.manifest
C:\USERS\76477\DESKTOP\闫-项目\LIB\SCRIPTCAL\MAKEFILE\WINDOWS\SCRIPTCAL\SCRIPTCAL\DEBUG\SCRIPTCAL.OBJ
C:\Users\76477\Desktop\闫-项目\lib\scriptcal\makefile\windows\scriptcal\scriptcal\Debug\scriptcal.vcxprojResolveAssemblyReference.cache
C:\Users\76477\Desktop\闫-项目\lib\scriptcal\makefile\windows\scriptcal\scriptcal\Debug\scriptcal.write.1.tlog
C:\Users\76477\Desktop\闫-项目\lib\scriptcal\makefile\windows\scriptcal\scriptcal\Debug\scriptcal_manifest.rc
C:\Users\76477\Desktop\闫-项目\lib\scriptcal\makefile\windows\scriptcal\scriptcal\Debug\vc100.idb
C:\USERS\76477\DESKTOP\闫-项目\LIB\SCRIPTCAL\MAKEFILE\WINDOWS\SCRIPTCAL\SCRIPTCAL\DEBUG\VC100.PDB
